  Main.cpp
C:\Users\Иван\source\repos\Lab_tables\Lab_tables\Lab_tables\MCtables.h(8,10): warning C4067: непредвиденные лексемы за директивой препроцессора, требуется newline
  (компиляция исходного файла "Main.cpp")
  
  tables_test.cpp
C:\Users\Иван\source\repos\Lab_tables\Lab_tables\Lab_tables\MCtables.h(8,10): warning C4067: непредвиденные лексемы за директивой препроцессора, требуется newline
  (компиляция исходного файла "tables_test.cpp")
  
C:\Users\Иван\source\repos\Lab_tables\Lab_tables\Lab_tables\Ftable.h(46,12): warning C4244: *=: преобразование "double" в "int", возможна потеря данных
  (компиляция исходного файла "tables_test.cpp")
  C:\Users\Иван\source\repos\Lab_tables\Lab_tables\Lab_tables\Ftable.h(46,12):
  контекст создания экземпляра шаблона (сначала самый старый)
  	C:\Users\Иван\source\repos\Lab_tables\Lab_tables\Lab_tables\tables_test.h(6,29):
  	выполняется компиляция ссылки на экземпляр класс шаблон функции "MCtables<std::string,int>"
  	C:\Users\Иван\source\repos\Lab_tables\Lab_tables\Lab_tables\MCtables.h(28,28):
  	во время компиляции функции-члена класс шаблон "MCtables<std::string,int>::MCtables(void)"
  		C:\Users\Иван\source\repos\Lab_tables\Lab_tables\Lab_tables\tables_test.cpp(3,28):
  		см. первую ссылку на "MCtables<std::string,int>::MCtables" в "tables_test::tables_test"
  	C:\Users\Иван\source\repos\Lab_tables\Lab_tables\Lab_tables\MCtables.h(29,24):
  	выполняется компиляция ссылки на экземпляр класс шаблон функции "Ftable<T,K>"
          with
          [
              T=std::string,
              K=int
          ]
  	C:\Users\Иван\source\repos\Lab_tables\Lab_tables\Lab_tables\Ftable.h(37,30):
  	во время компиляции функции-члена класс шаблон "void Ftable<T,K>::add(T,K)"
          with
          [
              T=std::string,
              K=int
          ]
  
C:\Users\Иван\source\repos\Lab_tables\Lab_tables\Lab_tables\Ftable.h(48,10): warning C4551: в вызове функции отсутствует список аргументов
  (компиляция исходного файла "tables_test.cpp")
  
C:\Users\Иван\source\repos\Lab_tables\Lab_tables\Lab_tables\Ftable.h(50,10): warning C4551: в вызове функции отсутствует список аргументов
  (компиляция исходного файла "tables_test.cpp")
  
C:\Users\Иван\source\repos\Lab_tables\Lab_tables\Lab_tables\Orded.h(38,12): warning C4244: *=: преобразование "double" в "int", возможна потеря данных
  (компиляция исходного файла "tables_test.cpp")
  C:\Users\Иван\source\repos\Lab_tables\Lab_tables\Lab_tables\Orded.h(38,12):
  контекст создания экземпляра шаблона (сначала самый старый)
  	C:\Users\Иван\source\repos\Lab_tables\Lab_tables\Lab_tables\MCtables.h(30,23):
  	выполняется компиляция ссылки на экземпляр класс шаблон функции "Orded<T,K>"
          with
          [
              T=std::string,
              K=int
          ]
  	C:\Users\Иван\source\repos\Lab_tables\Lab_tables\Lab_tables\Orded.h(28,29):
  	во время компиляции функции-члена класс шаблон "void Orded<T,K>::add(T,K)"
          with
          [
              T=std::string,
              K=int
          ]
  
C:\Users\Иван\source\repos\Lab_tables\Lab_tables\Lab_tables\Orded.h(40,10): warning C4551: в вызове функции отсутствует список аргументов
  (компиляция исходного файла "tables_test.cpp")
  
C:\Users\Иван\source\repos\Lab_tables\Lab_tables\Lab_tables\Orded.h(42,10): warning C4551: в вызове функции отсутствует список аргументов
  (компиляция исходного файла "tables_test.cpp")
  
C:\Users\Иван\source\repos\Lab_tables\Lab_tables\Lab_tables\Fhtable.h(64,10): warning C4244: *=: преобразование "double" в "int", возможна потеря данных
  (компиляция исходного файла "tables_test.cpp")
  C:\Users\Иван\source\repos\Lab_tables\Lab_tables\Lab_tables\Fhtable.h(64,10):
  контекст создания экземпляра шаблона (сначала самый старый)
  	C:\Users\Иван\source\repos\Lab_tables\Lab_tables\Lab_tables\MCtables.h(32,26):
  	выполняется компиляция ссылки на экземпляр класс шаблон функции "Fhtable<T,K>"
          with
          [
              T=std::string,
              K=int
          ]
  	C:\Users\Иван\source\repos\Lab_tables\Lab_tables\Lab_tables\Fhtable.h(45,36):
  	во время компиляции функции-члена класс шаблон "void Fhtable<T,K>::add(T,K)"
          with
          [
              T=std::string,
              K=int
          ]
  
C:\Users\Иван\source\repos\Lab_tables\Lab_tables\Lab_tables\Fhtable.h(66,8): warning C4551: в вызове функции отсутствует список аргументов
  (компиляция исходного файла "tables_test.cpp")
  
C:\Users\Иван\source\repos\Lab_tables\Lab_tables\Lab_tables\Fhtable.h(68,8): warning C4551: в вызове функции отсутствует список аргументов
  (компиляция исходного файла "tables_test.cpp")
  
C:\Users\Иван\source\repos\Lab_tables\Lab_tables\Lab_tables\Shtable.h(80,10): warning C4244: *=: преобразование "double" в "int", возможна потеря данных
  (компиляция исходного файла "tables_test.cpp")
  C:\Users\Иван\source\repos\Lab_tables\Lab_tables\Lab_tables\Shtable.h(80,10):
  контекст создания экземпляра шаблона (сначала самый старый)
  	C:\Users\Иван\source\repos\Lab_tables\Lab_tables\Lab_tables\MCtables.h(33,27):
  	выполняется компиляция ссылки на экземпляр класс шаблон функции "Shtable<T,K>"
          with
          [
              T=std::string,
              K=int
          ]
  	C:\Users\Иван\source\repos\Lab_tables\Lab_tables\Lab_tables\Shtable.h(70,36):
  	во время компиляции функции-члена класс шаблон "void Shtable<T,K>::add(T,K)"
          with
          [
              T=std::string,
              K=int
          ]
  
C:\Users\Иван\source\repos\Lab_tables\Lab_tables\Lab_tables\Shtable.h(82,8): warning C4551: в вызове функции отсутствует список аргументов
  (компиляция исходного файла "tables_test.cpp")
  
C:\Users\Иван\source\repos\Lab_tables\Lab_tables\Lab_tables\Shtable.h(84,8): warning C4551: в вызове функции отсутствует список аргументов
  (компиляция исходного файла "tables_test.cpp")
  
C:\Users\Иван\source\repos\Lab_tables\Lab_tables\Lab_tables\Orded.h(100,22): warning C4267: =: преобразование из "size_t" в "int"; возможна потеря данных
  (компиляция исходного файла "tables_test.cpp")
  C:\Users\Иван\source\repos\Lab_tables\Lab_tables\Lab_tables\Orded.h(100,22):
  контекст создания экземпляра шаблона (сначала самый старый)
  	C:\Users\Иван\source\repos\Lab_tables\Lab_tables\Lab_tables\Orded.h(21,22):
  	во время компиляции функции-члена класс шаблон "Orded<T,K>::Orded(void)"
          with
          [
              T=std::string,
              K=int
          ]
  		C:\Users\Иван\source\repos\Lab_tables\Lab_tables\Lab_tables\MCtables.h(30,17):
  		см. первую ссылку на "Orded<T,K>::Orded" в "MCtables<std::string,int>::MCtables"
          with
          [
              T=std::string,
              K=int
          ]
  		C:\Users\Иван\source\repos\Lab_tables\Lab_tables\Lab_tables\tables_test.cpp(3,28):
  		см. первую ссылку на "MCtables<std::string,int>::MCtables" в "tables_test::tables_test"
  	C:\Users\Иван\source\repos\Lab_tables\Lab_tables\Lab_tables\Orded.h(97,44):
  	во время компиляции функции-члена класс шаблон "int Orded<T,K>::bs(size_t,size_t,K)"
          with
          [
              T=std::string,
              K=int
          ]
  		C:\Users\Иван\source\repos\Lab_tables\Lab_tables\Lab_tables\Orded.h(72,16):
  		см. первую ссылку на "Orded<T,K>::bs" в "Orded<T,K>::del"
          with
          [
              T=std::string,
              K=int
          ]
  
  Создание кода...
  Lab_tables.vcxproj -> C:\Users\Иван\source\repos\Lab_tables\Lab_tables\x64\Debug\Lab_tables.exe
